<?xml version="1.0" encoding="UTF-8"?>
<!-- Generated by org.testng.reporters.JUnitXMLReporter -->
<testsuite ignored="10" hostname="mnews126" failures="0" tests="5" name="Surefire test" time="37.363" errors="0" timestamp="2024-04-21T19:11:12 EEST">
  <testcase classname="WebTesting.LoginTest" name="loginTest" time="4.189"/>
  <testcase classname="WebTesting.LogoutTest" name="logoutTest" time="3.646"/>
  <testcase classname="WebTesting.PostTests" name="testCreatePost" time="5.268"/>
  <testcase classname="WebTesting.ProfileInfoTest" name="testProfileInfo" time="7.255"/>
  <testcase classname="WebTesting.ProfilePictureTest" name="testProfilePicture" time="6.381"/>
  <testcase classname="WebTesting.TestObject" name="@AfterSuite deleteDownloadFiles" time="0.0">
    <ignored/>
  </testcase> <!-- @AfterSuite deleteDownloadFiles -->
  <testcase classname="WebTesting.TestObject" name="@BeforeSuite setupTestSuite" time="0.0">
    <ignored/>
  </testcase> <!-- @BeforeSuite setupTestSuite -->
  <testcase classname="WebTesting.TestObject" name="@AfterSuite deleteDownloadFiles" time="0.0">
    <ignored/>
  </testcase> <!-- @AfterSuite deleteDownloadFiles -->
  <testcase classname="WebTesting.TestObject" name="@BeforeSuite setupTestSuite" time="0.0">
    <ignored/>
  </testcase> <!-- @BeforeSuite setupTestSuite -->
  <testcase classname="WebTesting.TestObject" name="@AfterSuite deleteDownloadFiles" time="0.0">
    <ignored/>
  </testcase> <!-- @AfterSuite deleteDownloadFiles -->
  <testcase classname="WebTesting.TestObject" name="@AfterSuite deleteDownloadFiles" time="0.0">
    <ignored/>
  </testcase> <!-- @AfterSuite deleteDownloadFiles -->
  <testcase classname="WebTesting.TestObject" name="@BeforeSuite setupTestSuite" time="0.0">
    <ignored/>
  </testcase> <!-- @BeforeSuite setupTestSuite -->
  <testcase classname="WebTesting.TestObject" name="@BeforeSuite setupTestSuite" time="0.0">
    <ignored/>
  </testcase> <!-- @BeforeSuite setupTestSuite -->
  <testcase classname="WebTesting.TestObject" name="@BeforeSuite setupTestSuite" time="0.0">
    <ignored/>
  </testcase> <!-- @BeforeSuite setupTestSuite -->
  <testcase classname="WebTesting.TestObject" name="@AfterSuite deleteDownloadFiles" time="0.0">
    <ignored/>
  </testcase> <!-- @AfterSuite deleteDownloadFiles -->
</testsuite> <!-- Surefire test -->
