<?xml version="1.0" encoding="UTF-8"?>
<testsuite xmlns:xsi="http://www.w3.org/2001/XMLSchema-instance" xsi:noNamespaceSchemaLocation="https://maven.apache.org/surefire/maven-surefire-plugin/xsd/surefire-test-report-3.0.xsd" version="3.0" name="TestSuite" time="38.014" tests="5" errors="0" skipped="0" failures="0">
  <properties>
[...]
</properties>
  <testcase name="loginTest[Vasil2, Proba71, 5469](1)" classname="WebTesting.LoginTest" time="4.19">
    <system-out><![CDATA[All files are deleted in Directory: src\test\resources\screenshots\
All files are deleted in Directory: src\test\resources\reports\
]]></system-out>
    <system-err><![CDATA[апр 21, 2024 7:10:35 СЛ.ОБ. io.github.bonigarcia.wdm.WebDriverManager resolveDriverVersion
INFO: Using msedgedriver 124.0.2478.51 (resolved driver for Edge 124)
апр 21, 2024 7:10:35 СЛ.ОБ. io.github.bonigarcia.wdm.WebDriverManager exportDriver
INFO: Exporting webdriver.edge.driver as C:\Users\vasilb\.cache\selenium\msedgedriver\win64\124.0.2478.51\msedgedriver.exe
апр 21, 2024 7:10:36 СЛ.ОБ. org.openqa.selenium.devtools.CdpVersionFinder findNearestMatch
WARNING: Unable to find an exact match for CDP version 124, returning the closest version; found: 122; Please update to a Selenium version that supports CDP version 124
]]></system-err>
  </testcase>
  <testcase name="logoutTest[Vasil2, Proba71, 5469](1)" classname="WebTesting.LogoutTest" time="3.646">
    <system-err><![CDATA[апр 21, 2024 7:10:42 СЛ.ОБ. org.openqa.selenium.devtools.CdpVersionFinder findNearestMatch
WARNING: Unable to find an exact match for CDP version 124, returning the closest version; found: 122; Please update to a Selenium version that supports CDP version 124
]]></system-err>
  </testcase>
  <testcase name="testCreatePost[Vasil2, Proba71, 5469, src\test\resources\upload\testUpload.jpg, New post](1)" classname="WebTesting.PostTests" time="5.267">
    <system-err><![CDATA[апр 21, 2024 7:10:48 СЛ.ОБ. org.openqa.selenium.devtools.CdpVersionFinder findNearestMatch
WARNING: Unable to find an exact match for CDP version 124, returning the closest version; found: 122; Please update to a Selenium version that supports CDP version 124
]]></system-err>
  </testcase>
  <testcase name="testProfileInfo[Vasil2, Proba71, 5469](1)" classname="WebTesting.ProfileInfoTest" time="7.253">
    <system-err><![CDATA[апр 21, 2024 7:10:55 СЛ.ОБ. org.openqa.selenium.devtools.CdpVersionFinder findNearestMatch
WARNING: Unable to find an exact match for CDP version 124, returning the closest version; found: 122; Please update to a Selenium version that supports CDP version 124
]]></system-err>
  </testcase>
  <testcase name="testProfilePicture[Vasil2, Proba71, 5469, src\test\resources\upload\testProfilePicture.jpg](1)" classname="WebTesting.ProfilePictureTest" time="6.38">
    <system-err><![CDATA[апр 21, 2024 7:11:04 СЛ.ОБ. org.openqa.selenium.devtools.CdpVersionFinder findNearestMatch
WARNING: Unable to find an exact match for CDP version 124, returning the closest version; found: 122; Please update to a Selenium version that supports CDP version 124
]]></system-err>
  </testcase>
</testsuite>